<?xml version="1.0" encoding="UTF-8"?>
<!-- Generated by org.testng.reporters.JUnitReportReporter -->
<testsuite skipped="0" hostname="DESKTOP-998S31Q" name="ExecuteClasses.ExecuteLogin" tests="4" failures="0" timestamp="27 Jun 2021 08:45:54 GMT" time="50.259" errors="0">
  <testcase name="executeVerifyCheckBoxFunction" time="14.077" classname="ExecuteClasses.ExecuteLogin"/>
  <testcase name="executeVerifyResetLink" time="12.649" classname="ExecuteClasses.ExecuteLogin"/>
  <testcase name="executeVerifyErrorMessage" time="10.477" classname="ExecuteClasses.ExecuteLogin"/>
  <testcase name="executeLoginFunction" time="13.056" classname="ExecuteClasses.ExecuteLogin"/>
</testsuite> <!-- ExecuteClasses.ExecuteLogin -->
