<?xml version="1.0" encoding="UTF-8"?>
<!-- Generated by org.testng.reporters.JUnitReportReporter -->
<testsuite skipped="0" hostname="DESKTOP-998S31Q" name="ExecuteClasses.ExecuteWorkers" tests="1" failures="0" timestamp="01 Jul 2021 11:05:03 GMT" time="19.736" errors="0">
  <testcase name="executeDatePicker" time="19.736" classname="ExecuteClasses.ExecuteWorkers"/>
</testsuite> <!-- ExecuteClasses.ExecuteWorkers -->
