<?xml version="1.0" encoding="UTF-8"?>
<!-- Generated by org.testng.reporters.JUnitReportReporter -->
<testsuite skipped="0" hostname="DESKTOP-998S31Q" name="ExecuteClasses.ExecuteTimeSheet" tests="1" failures="0" timestamp="01 Jul 2021 10:50:16 GMT" time="17.630" errors="0">
  <testcase name="executeVerifyGenerateInvoice" time="17.630" classname="ExecuteClasses.ExecuteTimeSheet"/>
</testsuite> <!-- ExecuteClasses.ExecuteTimeSheet -->
