<?xml version="1.0" encoding="UTF-8"?>
<!-- Generated by org.testng.reporters.JUnitReportReporter -->
<testsuite skipped="0" hostname="DESKTOP-998S31Q" name="ExecuteClasses.ExecuteClient" tests="20" failures="0" timestamp="01 Jul 2021 10:48:03 GMT" time="470.594" errors="0">
  <testcase name="executeEditNameFunc" time="23.721" classname="ExecuteClasses.ExecuteClient"/>
  <testcase name="executeEditNameFunc" time="23.510" classname="ExecuteClasses.ExecuteClient"/>
  <testcase name="executeEditNameFunc" time="24.081" classname="ExecuteClasses.ExecuteClient"/>
  <testcase name="executeEditNameFunc" time="23.856" classname="ExecuteClasses.ExecuteClient"/>
  <testcase name="executeEditNameFunc" time="23.467" classname="ExecuteClasses.ExecuteClient"/>
  <testcase name="executeEditNameFunc" time="23.681" classname="ExecuteClasses.ExecuteClient"/>
  <testcase name="executeEditNameFunc" time="23.169" classname="ExecuteClasses.ExecuteClient"/>
  <testcase name="executeEditNameFunc" time="24.257" classname="ExecuteClasses.ExecuteClient"/>
  <testcase name="executeEditNameFunc" time="23.017" classname="ExecuteClasses.ExecuteClient"/>
  <testcase name="executeEditNameFunc" time="24.121" classname="ExecuteClasses.ExecuteClient"/>
  <testcase name="executeEditNameFunc" time="23.593" classname="ExecuteClasses.ExecuteClient"/>
  <testcase name="executeEditNameFunc" time="23.119" classname="ExecuteClasses.ExecuteClient"/>
  <testcase name="executeEditNameFunc" time="22.849" classname="ExecuteClasses.ExecuteClient"/>
  <testcase name="executeEditNameFunc" time="23.054" classname="ExecuteClasses.ExecuteClient"/>
  <testcase name="executeEditNameFunc" time="22.980" classname="ExecuteClasses.ExecuteClient"/>
  <testcase name="executeEditNameFunc" time="23.204" classname="ExecuteClasses.ExecuteClient"/>
  <testcase name="executeEditNameFunc" time="24.093" classname="ExecuteClasses.ExecuteClient"/>
  <testcase name="executeEditNameFunc" time="24.236" classname="ExecuteClasses.ExecuteClient"/>
  <testcase name="executeEditNameFunc" time="23.373" classname="ExecuteClasses.ExecuteClient"/>
  <testcase name="executeEditNameFunc" time="23.213" classname="ExecuteClasses.ExecuteClient"/>
</testsuite> <!-- ExecuteClasses.ExecuteClient -->
