<?xml version="1.0" encoding="UTF-8"?>
<!-- Generated by org.testng.reporters.JUnitReportReporter -->
<testsuite skipped="0" hostname="DESKTOP-998S31Q" name="ExecuteClasses.ExecuteHome" tests="11" failures="0" timestamp="27 Jun 2021 08:45:54 GMT" time="160.546" errors="0">
  <testcase name="executeVerifyVisibilityOfTimeSheetWindow" time="15.157" classname="ExecuteClasses.ExecuteHome"/>
  <testcase name="executeVerifyLogOut" time="13.566" classname="ExecuteClasses.ExecuteHome"/>
  <testcase name="executeVerifyLogOutUsingMouse" time="18.538" classname="ExecuteClasses.ExecuteHome"/>
  <testcase name="executeVerifySizeofSettingsButton" time="11.963" classname="ExecuteClasses.ExecuteHome"/>
  <testcase name="executeVerifyColorOfSettingsButton" time="15.036" classname="ExecuteClasses.ExecuteHome"/>
  <testcase name="executeVerifySettingsButtonDisplayed" time="10.703" classname="ExecuteClasses.ExecuteHome"/>
  <testcase name="executeVerifyVisibilityOfInvoice" time="14.785" classname="ExecuteClasses.ExecuteHome"/>
  <testcase name="executeVerifyVisibilityOfPaySlip" time="12.900" classname="ExecuteClasses.ExecuteHome"/>
  <testcase name="executeVerifyVisibityOfWorkersWindow" time="15.109" classname="ExecuteClasses.ExecuteHome"/>
  <testcase name="executeVerifyLogoDisplay" time="18.288" classname="ExecuteClasses.ExecuteHome"/>
  <testcase name="executeVerifyVisibityOfDeductionWindow" time="14.501" classname="ExecuteClasses.ExecuteHome"/>
</testsuite> <!-- ExecuteClasses.ExecuteHome -->
