<?xml version="1.0" encoding="UTF-8"?>
<!-- Generated by org.testng.reporters.JUnitReportReporter -->
<testsuite skipped="0" hostname="DESKTOP-998S31Q" name="ExecuteClasses.ExecuteInvoice" tests="1" failures="0" timestamp="30 Jun 2021 09:58:31 GMT" time="16.743" errors="0">
  <testcase name="executeVerifyVisibilityOfNextPage" time="16.743" classname="ExecuteClasses.ExecuteInvoice"/>
</testsuite> <!-- ExecuteClasses.ExecuteInvoice -->
